2016-02-24 14:31:27 [::1][-][-][error][yii\base\InvalidConfigException] exception 'yii\base\InvalidConfigException' with message 'Invalid asset bundle configuration: yii\web\JqueryAsset' in D:\xampp_5.5.27_yii2\htdocs\advanced\_protected\vendor\yiisoft\yii2\web\AssetManager.php:245
Stack trace:
#0 D:\xampp_5.5.27_yii2\htdocs\advanced\_protected\vendor\yiisoft\yii2\web\View.php(284): yii\web\AssetManager->getBundle('yii\\web\\JqueryA...')
#1 D:\xampp_5.5.27_yii2\htdocs\advanced\_protected\vendor\yiisoft\yii2\web\View.php(289): yii\web\View->registerAssetBundle('yii\\web\\JqueryA...', NULL)
#2 D:\xampp_5.5.27_yii2\htdocs\advanced\_protected\vendor\yiisoft\yii2\web\View.php(289): yii\web\View->registerAssetBundle('yii\\web\\YiiAsse...', NULL)
#3 D:\xampp_5.5.27_yii2\htdocs\advanced\_protected\vendor\yiisoft\yii2\web\AssetBundle.php(123): yii\web\View->registerAssetBundle('frontend\\assets...')
#4 D:\xampp_5.5.27_yii2\htdocs\advanced\_protected\frontend\views\layouts\main.php(12): yii\web\AssetBundle::register(Object(yii\web\View))
#5 D:\xampp_5.5.27_yii2\htdocs\advanced\_protected\vendor\yiisoft\yii2\base\View.php(325): require('D:\\xampp_5.5.27...')
#6 D:\xampp_5.5.27_yii2\htdocs\advanced\_protected\vendor\yiisoft\yii2\base\View.php(247): yii\base\View->renderPhpFile('D:\\xampp_5.5.27...', Array)
#7 D:\xampp_5.5.27_yii2\htdocs\advanced\_protected\vendor\yiisoft\yii2\base\Controller.php(392): yii\base\View->renderFile('D:\\xampp_5.5.27...', Array, Object(frontend\controllers\SiteController))
#8 D:\xampp_5.5.27_yii2\htdocs\advanced\_protected\vendor\yiisoft\yii2\base\Controller.php(378): yii\base\Controller->renderContent('<div class="sit...')
#9 D:\xampp_5.5.27_yii2\htdocs\advanced\_protected\frontend\controllers\SiteController.php(89): yii\base\Controller->render('index')
#10 [internal function]: frontend\controllers\SiteController->actionIndex()
#11 D:\xampp_5.5.27_yii2\htdocs\advanced\_protected\vendor\yiisoft\yii2\base\InlineAction.php(55): call_user_func_array(Array, Array)
#12 D:\xampp_5.5.27_yii2\htdocs\advanced\_protected\vendor\yiisoft\yii2\base\Controller.php(154): yii\base\InlineAction->runWithParams(Array)
#13 D:\xampp_5.5.27_yii2\htdocs\advanced\_protected\vendor\yiisoft\yii2\base\Module.php(454): yii\base\Controller->runAction('', Array)
#14 D:\xampp_5.5.27_yii2\htdocs\advanced\_protected\vendor\yiisoft\yii2\web\Application.php(84): yii\base\Module->runAction('', Array)
#15 D:\xampp_5.5.27_yii2\htdocs\advanced\_protected\vendor\yiisoft\yii2\base\Application.php(375): yii\web\Application->handleRequest(Object(yii\web\Request))
#16 D:\xampp_5.5.27_yii2\htdocs\advanced\index.php(18): yii\base\Application->run()
#17 {main}
2016-02-24 14:31:26 [::1][-][-][info][application] $_COOKIE = [
    '_ga' => 'GA1.1.425292678.1439282563'
    'PHPSESSID' => 'p4g95rb7iikshsnnv2hadvehr5'
    'FRONTENDSESSID' => 'qlbvrbbcq1q0648i4c9mtlpn45'
    'f002507dc259dc95dfaa5d7b653980bb' => 'd05e465ff6tagoidnskp5nm2n1'
    '_csrf' => '98e839efb8bc392f79ecfe408ca53eaf7cda260465f6ea347c6d36634f5ce28ea:2:{i:0;s:5:\"_csrf\";i:1;s:32:\"uj4CsoyEXVuDf759UbGqJL4wDu6tCV-p\";}'
]

$_SERVER = [
    'MIBDIRS' => 'D:/xampp_5.5.27_yii2/php/extras/mibs'
    'MYSQL_HOME' => '\\xampp\\mysql\\bin'
    'OPENSSL_CONF' => 'D:/xampp_5.5.27_yii2/apache/bin/openssl.cnf'
    'PHP_PEAR_SYSCONF_DIR' => '\\xampp\\php'
    'PHPRC' => '\\xampp\\php'
    'TMP' => '\\xampp\\tmp'
    'HTTP_HOST' => 'localhost'
    'HTTP_CONNECTION' => 'keep-alive'
    'HTTP_CACHE_CONTROL' => 'max-age=0'
    'HTTP_ACCEPT' => 'text/html,application/xhtml+xml,application/xml;q=0.9,image/webp,*/*;q=0.8'
    'HTTP_UPGRADE_INSECURE_REQUESTS' => '1'
    'HTTP_USER_AGENT' => 'Mozilla/5.0 (Windows NT 6.3; WOW64) AppleWebKit/537.36 (KHTML, like Gecko) Chrome/48.0.2564.116 Safari/537.36'
    'HTTP_ACCEPT_ENCODING' => 'gzip, deflate, sdch'
    'HTTP_ACCEPT_LANGUAGE' => 'th'
    'HTTP_COOKIE' => '_ga=GA1.1.425292678.1439282563; PHPSESSID=p4g95rb7iikshsnnv2hadvehr5; FRONTENDSESSID=qlbvrbbcq1q0648i4c9mtlpn45; f002507dc259dc95dfaa5d7b653980bb=d05e465ff6tagoidnskp5nm2n1; _csrf=98e839efb8bc392f79ecfe408ca53eaf7cda260465f6ea347c6d36634f5ce28ea%3A2%3A%7Bi%3A0%3Bs%3A5%3A%22_csrf%22%3Bi%3A1%3Bs%3A32%3A%22uj4CsoyEXVuDf759UbGqJL4wDu6tCV-p%22%3B%7D'
    'PATH' => 'C:\\ProgramData\\Oracle\\Java\\javapath;C:\\Windows\\system32;C:\\Windows;C:\\Windows\\System32\\Wbem;C:\\Windows\\System32\\WindowsPowerShell\\v1.0\\;C:\\Program Files (x86)\\ATI Technologies\\ATI.ACE\\Core-Static;D:\\xampp_5.5.27\\php;C:\\ProgramData\\ComposerSetup\\bin'
    'SystemRoot' => 'C:\\Windows'
    'COMSPEC' => 'C:\\Windows\\system32\\cmd.exe'
    'PATHEXT' => '.COM;.EXE;.BAT;.CMD;.VBS;.VBE;.JS;.JSE;.WSF;.WSH;.MSC'
    'WINDIR' => 'C:\\Windows'
    'SERVER_SIGNATURE' => '<address>Apache/2.4.12 (Win32) OpenSSL/1.0.1m PHP/5.5.27 Server at localhost Port 80</address>
'
    'SERVER_SOFTWARE' => 'Apache/2.4.12 (Win32) OpenSSL/1.0.1m PHP/5.5.27'
    'SERVER_NAME' => 'localhost'
    'SERVER_ADDR' => '::1'
    'SERVER_PORT' => '80'
    'REMOTE_ADDR' => '::1'
    'DOCUMENT_ROOT' => 'D:/xampp_5.5.27_yii2/htdocs'
    'REQUEST_SCHEME' => 'http'
    'CONTEXT_PREFIX' => ''
    'CONTEXT_DOCUMENT_ROOT' => 'D:/xampp_5.5.27_yii2/htdocs'
    'SERVER_ADMIN' => 'postmaster@localhost'
    'SCRIPT_FILENAME' => 'D:/xampp_5.5.27_yii2/htdocs/advanced/index.php'
    'REMOTE_PORT' => '63998'
    'GATEWAY_INTERFACE' => 'CGI/1.1'
    'SERVER_PROTOCOL' => 'HTTP/1.1'
    'REQUEST_METHOD' => 'GET'
    'QUERY_STRING' => ''
    'REQUEST_URI' => '/advanced/'
    'SCRIPT_NAME' => '/advanced/index.php'
    'PHP_SELF' => '/advanced/index.php'
    'REQUEST_TIME_FLOAT' => 1456299086.978
    'REQUEST_TIME' => 1456299086
]
2016-02-24 14:32:22 [::1][-][-][error][yii\base\InvalidConfigException] exception 'yii\base\InvalidConfigException' with message 'Invalid asset bundle configuration: yii\web\JqueryAsset' in D:\xampp_5.5.27_yii2\htdocs\advanced\_protected\vendor\yiisoft\yii2\web\AssetManager.php:245
Stack trace:
#0 D:\xampp_5.5.27_yii2\htdocs\advanced\_protected\vendor\yiisoft\yii2\web\View.php(284): yii\web\AssetManager->getBundle('yii\\web\\JqueryA...')
#1 D:\xampp_5.5.27_yii2\htdocs\advanced\_protected\vendor\yiisoft\yii2\web\View.php(289): yii\web\View->registerAssetBundle('yii\\web\\JqueryA...', NULL)
#2 D:\xampp_5.5.27_yii2\htdocs\advanced\_protected\vendor\yiisoft\yii2\web\View.php(289): yii\web\View->registerAssetBundle('yii\\web\\YiiAsse...', NULL)
#3 D:\xampp_5.5.27_yii2\htdocs\advanced\_protected\vendor\yiisoft\yii2\web\AssetBundle.php(123): yii\web\View->registerAssetBundle('frontend\\assets...')
#4 D:\xampp_5.5.27_yii2\htdocs\advanced\_protected\frontend\views\layouts\main.php(12): yii\web\AssetBundle::register(Object(yii\web\View))
#5 D:\xampp_5.5.27_yii2\htdocs\advanced\_protected\vendor\yiisoft\yii2\base\View.php(325): require('D:\\xampp_5.5.27...')
#6 D:\xampp_5.5.27_yii2\htdocs\advanced\_protected\vendor\yiisoft\yii2\base\View.php(247): yii\base\View->renderPhpFile('D:\\xampp_5.5.27...', Array)
#7 D:\xampp_5.5.27_yii2\htdocs\advanced\_protected\vendor\yiisoft\yii2\base\Controller.php(392): yii\base\View->renderFile('D:\\xampp_5.5.27...', Array, Object(frontend\controllers\SiteController))
#8 D:\xampp_5.5.27_yii2\htdocs\advanced\_protected\vendor\yiisoft\yii2\base\Controller.php(378): yii\base\Controller->renderContent('<div class="sit...')
#9 D:\xampp_5.5.27_yii2\htdocs\advanced\_protected\frontend\controllers\SiteController.php(89): yii\base\Controller->render('index')
#10 [internal function]: frontend\controllers\SiteController->actionIndex()
#11 D:\xampp_5.5.27_yii2\htdocs\advanced\_protected\vendor\yiisoft\yii2\base\InlineAction.php(55): call_user_func_array(Array, Array)
#12 D:\xampp_5.5.27_yii2\htdocs\advanced\_protected\vendor\yiisoft\yii2\base\Controller.php(154): yii\base\InlineAction->runWithParams(Array)
#13 D:\xampp_5.5.27_yii2\htdocs\advanced\_protected\vendor\yiisoft\yii2\base\Module.php(454): yii\base\Controller->runAction('', Array)
#14 D:\xampp_5.5.27_yii2\htdocs\advanced\_protected\vendor\yiisoft\yii2\web\Application.php(84): yii\base\Module->runAction('', Array)
#15 D:\xampp_5.5.27_yii2\htdocs\advanced\_protected\vendor\yiisoft\yii2\base\Application.php(375): yii\web\Application->handleRequest(Object(yii\web\Request))
#16 D:\xampp_5.5.27_yii2\htdocs\advanced\index.php(18): yii\base\Application->run()
#17 {main}
2016-02-24 14:32:22 [::1][-][-][info][application] $_COOKIE = [
    '_ga' => 'GA1.1.425292678.1439282563'
    'PHPSESSID' => 'p4g95rb7iikshsnnv2hadvehr5'
    'FRONTENDSESSID' => 'qlbvrbbcq1q0648i4c9mtlpn45'
    'f002507dc259dc95dfaa5d7b653980bb' => 'd05e465ff6tagoidnskp5nm2n1'
    '_csrf' => '98e839efb8bc392f79ecfe408ca53eaf7cda260465f6ea347c6d36634f5ce28ea:2:{i:0;s:5:\"_csrf\";i:1;s:32:\"uj4CsoyEXVuDf759UbGqJL4wDu6tCV-p\";}'
]

$_SERVER = [
    'MIBDIRS' => 'D:/xampp_5.5.27_yii2/php/extras/mibs'
    'MYSQL_HOME' => '\\xampp\\mysql\\bin'
    'OPENSSL_CONF' => 'D:/xampp_5.5.27_yii2/apache/bin/openssl.cnf'
    'PHP_PEAR_SYSCONF_DIR' => '\\xampp\\php'
    'PHPRC' => '\\xampp\\php'
    'TMP' => '\\xampp\\tmp'
    'HTTP_HOST' => 'localhost'
    'HTTP_CONNECTION' => 'keep-alive'
    'HTTP_CACHE_CONTROL' => 'max-age=0'
    'HTTP_ACCEPT' => 'text/html,application/xhtml+xml,application/xml;q=0.9,image/webp,*/*;q=0.8'
    'HTTP_UPGRADE_INSECURE_REQUESTS' => '1'
    'HTTP_USER_AGENT' => 'Mozilla/5.0 (Windows NT 6.3; WOW64) AppleWebKit/537.36 (KHTML, like Gecko) Chrome/48.0.2564.116 Safari/537.36'
    'HTTP_ACCEPT_ENCODING' => 'gzip, deflate, sdch'
    'HTTP_ACCEPT_LANGUAGE' => 'th'
    'HTTP_COOKIE' => '_ga=GA1.1.425292678.1439282563; PHPSESSID=p4g95rb7iikshsnnv2hadvehr5; FRONTENDSESSID=qlbvrbbcq1q0648i4c9mtlpn45; f002507dc259dc95dfaa5d7b653980bb=d05e465ff6tagoidnskp5nm2n1; _csrf=98e839efb8bc392f79ecfe408ca53eaf7cda260465f6ea347c6d36634f5ce28ea%3A2%3A%7Bi%3A0%3Bs%3A5%3A%22_csrf%22%3Bi%3A1%3Bs%3A32%3A%22uj4CsoyEXVuDf759UbGqJL4wDu6tCV-p%22%3B%7D'
    'PATH' => 'C:\\ProgramData\\Oracle\\Java\\javapath;C:\\Windows\\system32;C:\\Windows;C:\\Windows\\System32\\Wbem;C:\\Windows\\System32\\WindowsPowerShell\\v1.0\\;C:\\Program Files (x86)\\ATI Technologies\\ATI.ACE\\Core-Static;D:\\xampp_5.5.27\\php;C:\\ProgramData\\ComposerSetup\\bin'
    'SystemRoot' => 'C:\\Windows'
    'COMSPEC' => 'C:\\Windows\\system32\\cmd.exe'
    'PATHEXT' => '.COM;.EXE;.BAT;.CMD;.VBS;.VBE;.JS;.JSE;.WSF;.WSH;.MSC'
    'WINDIR' => 'C:\\Windows'
    'SERVER_SIGNATURE' => '<address>Apache/2.4.12 (Win32) OpenSSL/1.0.1m PHP/5.5.27 Server at localhost Port 80</address>
'
    'SERVER_SOFTWARE' => 'Apache/2.4.12 (Win32) OpenSSL/1.0.1m PHP/5.5.27'
    'SERVER_NAME' => 'localhost'
    'SERVER_ADDR' => '::1'
    'SERVER_PORT' => '80'
    'REMOTE_ADDR' => '::1'
    'DOCUMENT_ROOT' => 'D:/xampp_5.5.27_yii2/htdocs'
    'REQUEST_SCHEME' => 'http'
    'CONTEXT_PREFIX' => ''
    'CONTEXT_DOCUMENT_ROOT' => 'D:/xampp_5.5.27_yii2/htdocs'
    'SERVER_ADMIN' => 'postmaster@localhost'
    'SCRIPT_FILENAME' => 'D:/xampp_5.5.27_yii2/htdocs/advanced/index.php'
    'REMOTE_PORT' => '64023'
    'GATEWAY_INTERFACE' => 'CGI/1.1'
    'SERVER_PROTOCOL' => 'HTTP/1.1'
    'REQUEST_METHOD' => 'GET'
    'QUERY_STRING' => ''
    'REQUEST_URI' => '/advanced/'
    'SCRIPT_NAME' => '/advanced/index.php'
    'PHP_SELF' => '/advanced/index.php'
    'REQUEST_TIME_FLOAT' => 1456299142.559
    'REQUEST_TIME' => 1456299142
]
2016-02-24 14:32:24 [::1][-][-][error][yii\base\InvalidConfigException] exception 'yii\base\InvalidConfigException' with message 'Invalid asset bundle configuration: yii\web\JqueryAsset' in D:\xampp_5.5.27_yii2\htdocs\advanced\_protected\vendor\yiisoft\yii2\web\AssetManager.php:245
Stack trace:
#0 D:\xampp_5.5.27_yii2\htdocs\advanced\_protected\vendor\yiisoft\yii2\web\View.php(284): yii\web\AssetManager->getBundle('yii\\web\\JqueryA...')
#1 D:\xampp_5.5.27_yii2\htdocs\advanced\_protected\vendor\yiisoft\yii2\web\View.php(289): yii\web\View->registerAssetBundle('yii\\web\\JqueryA...', NULL)
#2 D:\xampp_5.5.27_yii2\htdocs\advanced\_protected\vendor\yiisoft\yii2\web\View.php(289): yii\web\View->registerAssetBundle('yii\\web\\YiiAsse...', NULL)
#3 D:\xampp_5.5.27_yii2\htdocs\advanced\_protected\vendor\yiisoft\yii2\web\AssetBundle.php(123): yii\web\View->registerAssetBundle('frontend\\assets...')
#4 D:\xampp_5.5.27_yii2\htdocs\advanced\_protected\frontend\views\layouts\main.php(12): yii\web\AssetBundle::register(Object(yii\web\View))
#5 D:\xampp_5.5.27_yii2\htdocs\advanced\_protected\vendor\yiisoft\yii2\base\View.php(325): require('D:\\xampp_5.5.27...')
#6 D:\xampp_5.5.27_yii2\htdocs\advanced\_protected\vendor\yiisoft\yii2\base\View.php(247): yii\base\View->renderPhpFile('D:\\xampp_5.5.27...', Array)
#7 D:\xampp_5.5.27_yii2\htdocs\advanced\_protected\vendor\yiisoft\yii2\base\Controller.php(392): yii\base\View->renderFile('D:\\xampp_5.5.27...', Array, Object(frontend\controllers\SiteController))
#8 D:\xampp_5.5.27_yii2\htdocs\advanced\_protected\vendor\yiisoft\yii2\base\Controller.php(378): yii\base\Controller->renderContent('<div class="sit...')
#9 D:\xampp_5.5.27_yii2\htdocs\advanced\_protected\frontend\controllers\SiteController.php(89): yii\base\Controller->render('index')
#10 [internal function]: frontend\controllers\SiteController->actionIndex()
#11 D:\xampp_5.5.27_yii2\htdocs\advanced\_protected\vendor\yiisoft\yii2\base\InlineAction.php(55): call_user_func_array(Array, Array)
#12 D:\xampp_5.5.27_yii2\htdocs\advanced\_protected\vendor\yiisoft\yii2\base\Controller.php(154): yii\base\InlineAction->runWithParams(Array)
#13 D:\xampp_5.5.27_yii2\htdocs\advanced\_protected\vendor\yiisoft\yii2\base\Module.php(454): yii\base\Controller->runAction('', Array)
#14 D:\xampp_5.5.27_yii2\htdocs\advanced\_protected\vendor\yiisoft\yii2\web\Application.php(84): yii\base\Module->runAction('', Array)
#15 D:\xampp_5.5.27_yii2\htdocs\advanced\_protected\vendor\yiisoft\yii2\base\Application.php(375): yii\web\Application->handleRequest(Object(yii\web\Request))
#16 D:\xampp_5.5.27_yii2\htdocs\advanced\index.php(18): yii\base\Application->run()
#17 {main}
2016-02-24 14:32:24 [::1][-][-][info][application] $_COOKIE = [
    '_ga' => 'GA1.1.425292678.1439282563'
    'PHPSESSID' => 'p4g95rb7iikshsnnv2hadvehr5'
    'FRONTENDSESSID' => 'qlbvrbbcq1q0648i4c9mtlpn45'
    'f002507dc259dc95dfaa5d7b653980bb' => 'd05e465ff6tagoidnskp5nm2n1'
    '_csrf' => '98e839efb8bc392f79ecfe408ca53eaf7cda260465f6ea347c6d36634f5ce28ea:2:{i:0;s:5:\"_csrf\";i:1;s:32:\"uj4CsoyEXVuDf759UbGqJL4wDu6tCV-p\";}'
]

$_SERVER = [
    'MIBDIRS' => 'D:/xampp_5.5.27_yii2/php/extras/mibs'
    'MYSQL_HOME' => '\\xampp\\mysql\\bin'
    'OPENSSL_CONF' => 'D:/xampp_5.5.27_yii2/apache/bin/openssl.cnf'
    'PHP_PEAR_SYSCONF_DIR' => '\\xampp\\php'
    'PHPRC' => '\\xampp\\php'
    'TMP' => '\\xampp\\tmp'
    'HTTP_HOST' => 'localhost'
    'HTTP_CONNECTION' => 'keep-alive'
    'HTTP_CACHE_CONTROL' => 'max-age=0'
    'HTTP_ACCEPT' => 'text/html,application/xhtml+xml,application/xml;q=0.9,image/webp,*/*;q=0.8'
    'HTTP_UPGRADE_INSECURE_REQUESTS' => '1'
    'HTTP_USER_AGENT' => 'Mozilla/5.0 (Windows NT 6.3; WOW64) AppleWebKit/537.36 (KHTML, like Gecko) Chrome/48.0.2564.116 Safari/537.36'
    'HTTP_ACCEPT_ENCODING' => 'gzip, deflate, sdch'
    'HTTP_ACCEPT_LANGUAGE' => 'th'
    'HTTP_COOKIE' => '_ga=GA1.1.425292678.1439282563; PHPSESSID=p4g95rb7iikshsnnv2hadvehr5; FRONTENDSESSID=qlbvrbbcq1q0648i4c9mtlpn45; f002507dc259dc95dfaa5d7b653980bb=d05e465ff6tagoidnskp5nm2n1; _csrf=98e839efb8bc392f79ecfe408ca53eaf7cda260465f6ea347c6d36634f5ce28ea%3A2%3A%7Bi%3A0%3Bs%3A5%3A%22_csrf%22%3Bi%3A1%3Bs%3A32%3A%22uj4CsoyEXVuDf759UbGqJL4wDu6tCV-p%22%3B%7D'
    'PATH' => 'C:\\ProgramData\\Oracle\\Java\\javapath;C:\\Windows\\system32;C:\\Windows;C:\\Windows\\System32\\Wbem;C:\\Windows\\System32\\WindowsPowerShell\\v1.0\\;C:\\Program Files (x86)\\ATI Technologies\\ATI.ACE\\Core-Static;D:\\xampp_5.5.27\\php;C:\\ProgramData\\ComposerSetup\\bin'
    'SystemRoot' => 'C:\\Windows'
    'COMSPEC' => 'C:\\Windows\\system32\\cmd.exe'
    'PATHEXT' => '.COM;.EXE;.BAT;.CMD;.VBS;.VBE;.JS;.JSE;.WSF;.WSH;.MSC'
    'WINDIR' => 'C:\\Windows'
    'SERVER_SIGNATURE' => '<address>Apache/2.4.12 (Win32) OpenSSL/1.0.1m PHP/5.5.27 Server at localhost Port 80</address>
'
    'SERVER_SOFTWARE' => 'Apache/2.4.12 (Win32) OpenSSL/1.0.1m PHP/5.5.27'
    'SERVER_NAME' => 'localhost'
    'SERVER_ADDR' => '::1'
    'SERVER_PORT' => '80'
    'REMOTE_ADDR' => '::1'
    'DOCUMENT_ROOT' => 'D:/xampp_5.5.27_yii2/htdocs'
    'REQUEST_SCHEME' => 'http'
    'CONTEXT_PREFIX' => ''
    'CONTEXT_DOCUMENT_ROOT' => 'D:/xampp_5.5.27_yii2/htdocs'
    'SERVER_ADMIN' => 'postmaster@localhost'
    'SCRIPT_FILENAME' => 'D:/xampp_5.5.27_yii2/htdocs/advanced/index.php'
    'REMOTE_PORT' => '64036'
    'GATEWAY_INTERFACE' => 'CGI/1.1'
    'SERVER_PROTOCOL' => 'HTTP/1.1'
    'REQUEST_METHOD' => 'GET'
    'QUERY_STRING' => ''
    'REQUEST_URI' => '/advanced/'
    'SCRIPT_NAME' => '/advanced/index.php'
    'PHP_SELF' => '/advanced/index.php'
    'REQUEST_TIME_FLOAT' => 1456299144.524
    'REQUEST_TIME' => 1456299144
]
2016-02-24 14:35:38 [::1][-][-][error][yii\base\InvalidParamException] exception 'yii\base\InvalidParamException' with message 'The file or directory to be published does not exist: D:\xampp_5.5.27_yii2\htdocs\advanced\_protected/vendor\bower/fontawesome' in D:\xampp_5.5.27_yii2\htdocs\advanced\_protected\vendor\yiisoft\yii2\web\AssetManager.php:452
Stack trace:
#0 D:\xampp_5.5.27_yii2\htdocs\advanced\_protected\vendor\yiisoft\yii2\web\AssetBundle.php(179): yii\web\AssetManager->publish('D:\\xampp_5.5.27...', Array)
#1 D:\xampp_5.5.27_yii2\htdocs\advanced\_protected\vendor\yiisoft\yii2\web\AssetManager.php(266): yii\web\AssetBundle->publish(Object(yii\web\AssetManager))
#2 D:\xampp_5.5.27_yii2\htdocs\advanced\_protected\vendor\yiisoft\yii2\web\AssetManager.php(237): yii\web\AssetManager->loadBundle('rmrevin\\yii\\fon...', Array, true)
#3 D:\xampp_5.5.27_yii2\htdocs\advanced\_protected\vendor\yiisoft\yii2\web\View.php(284): yii\web\AssetManager->getBundle('rmrevin\\yii\\fon...')
#4 D:\xampp_5.5.27_yii2\htdocs\advanced\_protected\vendor\yiisoft\yii2\web\View.php(289): yii\web\View->registerAssetBundle('rmrevin\\yii\\fon...', NULL)
#5 D:\xampp_5.5.27_yii2\htdocs\advanced\_protected\vendor\yiisoft\yii2\web\AssetBundle.php(123): yii\web\View->registerAssetBundle('dmstr\\web\\Admin...')
#6 D:\xampp_5.5.27_yii2\htdocs\advanced\themes\adminlte\layouts\main.php(25): yii\web\AssetBundle::register(Object(yii\web\View))
#7 D:\xampp_5.5.27_yii2\htdocs\advanced\_protected\vendor\yiisoft\yii2\base\View.php(325): require('D:\\xampp_5.5.27...')
#8 D:\xampp_5.5.27_yii2\htdocs\advanced\_protected\vendor\yiisoft\yii2\base\View.php(247): yii\base\View->renderPhpFile('D:\\xampp_5.5.27...', Array)
#9 D:\xampp_5.5.27_yii2\htdocs\advanced\_protected\vendor\yiisoft\yii2\base\Controller.php(392): yii\base\View->renderFile('D:\\xampp_5.5.27...', Array, Object(frontend\controllers\SiteController))
#10 D:\xampp_5.5.27_yii2\htdocs\advanced\_protected\vendor\yiisoft\yii2\base\Controller.php(378): yii\base\Controller->renderContent('<div class="sit...')
#11 D:\xampp_5.5.27_yii2\htdocs\advanced\_protected\frontend\controllers\SiteController.php(89): yii\base\Controller->render('index')
#12 [internal function]: frontend\controllers\SiteController->actionIndex()
#13 D:\xampp_5.5.27_yii2\htdocs\advanced\_protected\vendor\yiisoft\yii2\base\InlineAction.php(55): call_user_func_array(Array, Array)
#14 D:\xampp_5.5.27_yii2\htdocs\advanced\_protected\vendor\yiisoft\yii2\base\Controller.php(154): yii\base\InlineAction->runWithParams(Array)
#15 D:\xampp_5.5.27_yii2\htdocs\advanced\_protected\vendor\yiisoft\yii2\base\Module.php(454): yii\base\Controller->runAction('index', Array)
#16 D:\xampp_5.5.27_yii2\htdocs\advanced\_protected\vendor\yiisoft\yii2\web\Application.php(84): yii\base\Module->runAction('site/index', Array)
#17 D:\xampp_5.5.27_yii2\htdocs\advanced\_protected\vendor\yiisoft\yii2\base\Application.php(375): yii\web\Application->handleRequest(Object(yii\web\Request))
#18 D:\xampp_5.5.27_yii2\htdocs\advanced\index.php(18): yii\base\Application->run()
#19 {main}
2016-02-24 14:35:38 [::1][-][-][info][application] $_COOKIE = [
    '_ga' => 'GA1.1.425292678.1439282563'
    'FRONTENDSESSID' => 'qlbvrbbcq1q0648i4c9mtlpn45'
    'f002507dc259dc95dfaa5d7b653980bb' => 'd05e465ff6tagoidnskp5nm2n1'
    '_csrf' => '98e839efb8bc392f79ecfe408ca53eaf7cda260465f6ea347c6d36634f5ce28ea:2:{i:0;s:5:\"_csrf\";i:1;s:32:\"uj4CsoyEXVuDf759UbGqJL4wDu6tCV-p\";}'
    'PHPSESSID' => 'p4g95rb7iikshsnnv2hadvehr5'
]

$_SERVER = [
    'REDIRECT_MIBDIRS' => 'D:/xampp_5.5.27_yii2/php/extras/mibs'
    'REDIRECT_MYSQL_HOME' => '\\xampp\\mysql\\bin'
    'REDIRECT_OPENSSL_CONF' => 'D:/xampp_5.5.27_yii2/apache/bin/openssl.cnf'
    'REDIRECT_PHP_PEAR_SYSCONF_DIR' => '\\xampp\\php'
    'REDIRECT_PHPRC' => '\\xampp\\php'
    'REDIRECT_TMP' => '\\xampp\\tmp'
    'REDIRECT_STATUS' => '200'
    'MIBDIRS' => 'D:/xampp_5.5.27_yii2/php/extras/mibs'
    'MYSQL_HOME' => '\\xampp\\mysql\\bin'
    'OPENSSL_CONF' => 'D:/xampp_5.5.27_yii2/apache/bin/openssl.cnf'
    'PHP_PEAR_SYSCONF_DIR' => '\\xampp\\php'
    'PHPRC' => '\\xampp\\php'
    'TMP' => '\\xampp\\tmp'
    'HTTP_HOST' => 'localhost'
    'HTTP_CONNECTION' => 'keep-alive'
    'HTTP_CACHE_CONTROL' => 'max-age=0'
    'HTTP_ACCEPT' => 'text/html,application/xhtml+xml,application/xml;q=0.9,image/webp,*/*;q=0.8'
    'HTTP_UPGRADE_INSECURE_REQUESTS' => '1'
    'HTTP_USER_AGENT' => 'Mozilla/5.0 (Windows NT 6.3; WOW64) AppleWebKit/537.36 (KHTML, like Gecko) Chrome/48.0.2564.116 Safari/537.36'
    'HTTP_REFERER' => 'http://localhost/advanced/site/contact'
    'HTTP_ACCEPT_ENCODING' => 'gzip, deflate, sdch'
    'HTTP_ACCEPT_LANGUAGE' => 'th'
    'HTTP_COOKIE' => '_ga=GA1.1.425292678.1439282563; FRONTENDSESSID=qlbvrbbcq1q0648i4c9mtlpn45; f002507dc259dc95dfaa5d7b653980bb=d05e465ff6tagoidnskp5nm2n1; _csrf=98e839efb8bc392f79ecfe408ca53eaf7cda260465f6ea347c6d36634f5ce28ea%3A2%3A%7Bi%3A0%3Bs%3A5%3A%22_csrf%22%3Bi%3A1%3Bs%3A32%3A%22uj4CsoyEXVuDf759UbGqJL4wDu6tCV-p%22%3B%7D; PHPSESSID=p4g95rb7iikshsnnv2hadvehr5'
    'PATH' => 'C:\\ProgramData\\Oracle\\Java\\javapath;C:\\Windows\\system32;C:\\Windows;C:\\Windows\\System32\\Wbem;C:\\Windows\\System32\\WindowsPowerShell\\v1.0\\;C:\\Program Files (x86)\\ATI Technologies\\ATI.ACE\\Core-Static;D:\\xampp_5.5.27\\php;C:\\ProgramData\\ComposerSetup\\bin'
    'SystemRoot' => 'C:\\Windows'
    'COMSPEC' => 'C:\\Windows\\system32\\cmd.exe'
    'PATHEXT' => '.COM;.EXE;.BAT;.CMD;.VBS;.VBE;.JS;.JSE;.WSF;.WSH;.MSC'
    'WINDIR' => 'C:\\Windows'
    'SERVER_SIGNATURE' => '<address>Apache/2.4.12 (Win32) OpenSSL/1.0.1m PHP/5.5.27 Server at localhost Port 80</address>
'
    'SERVER_SOFTWARE' => 'Apache/2.4.12 (Win32) OpenSSL/1.0.1m PHP/5.5.27'
    'SERVER_NAME' => 'localhost'
    'SERVER_ADDR' => '::1'
    'SERVER_PORT' => '80'
    'REMOTE_ADDR' => '::1'
    'DOCUMENT_ROOT' => 'D:/xampp_5.5.27_yii2/htdocs'
    'REQUEST_SCHEME' => 'http'
    'CONTEXT_PREFIX' => ''
    'CONTEXT_DOCUMENT_ROOT' => 'D:/xampp_5.5.27_yii2/htdocs'
    'SERVER_ADMIN' => 'postmaster@localhost'
    'SCRIPT_FILENAME' => 'D:/xampp_5.5.27_yii2/htdocs/advanced/index.php'
    'REMOTE_PORT' => '64197'
    'REDIRECT_URL' => '/advanced/site/index'
    'GATEWAY_INTERFACE' => 'CGI/1.1'
    'SERVER_PROTOCOL' => 'HTTP/1.1'
    'REQUEST_METHOD' => 'GET'
    'QUERY_STRING' => ''
    'REQUEST_URI' => '/advanced/site/index'
    'SCRIPT_NAME' => '/advanced/index.php'
    'PHP_SELF' => '/advanced/index.php'
    'REQUEST_TIME_FLOAT' => 1456299338.138
    'REQUEST_TIME' => 1456299338
]
2016-02-24 14:36:11 [::1][-][p4g95rb7iikshsnnv2hadvehr5][error][yii\web\HttpException:404] exception 'yii\base\InvalidRouteException' with message 'Unable to resolve the request "themes/adminlte/css/site.css".' in D:\xampp_5.5.27_yii2\htdocs\advanced\_protected\vendor\yiisoft\yii2\base\Module.php:460
Stack trace:
#0 D:\xampp_5.5.27_yii2\htdocs\advanced\_protected\vendor\yiisoft\yii2\web\Application.php(84): yii\base\Module->runAction('themes/adminlte...', Array)
#1 D:\xampp_5.5.27_yii2\htdocs\advanced\_protected\vendor\yiisoft\yii2\base\Application.php(375): yii\web\Application->handleRequest(Object(yii\web\Request))
#2 D:\xampp_5.5.27_yii2\htdocs\advanced\index.php(18): yii\base\Application->run()
#3 {main}

Next exception 'yii\web\NotFoundHttpException' with message 'Page not found.' in D:\xampp_5.5.27_yii2\htdocs\advanced\_protected\vendor\yiisoft\yii2\web\Application.php:96
Stack trace:
#0 D:\xampp_5.5.27_yii2\htdocs\advanced\_protected\vendor\yiisoft\yii2\base\Application.php(375): yii\web\Application->handleRequest(Object(yii\web\Request))
#1 D:\xampp_5.5.27_yii2\htdocs\advanced\index.php(18): yii\base\Application->run()
#2 {main}
2016-02-24 14:36:11 [::1][-][p4g95rb7iikshsnnv2hadvehr5][info][application] $_COOKIE = [
    '_ga' => 'GA1.1.425292678.1439282563'
    'FRONTENDSESSID' => 'qlbvrbbcq1q0648i4c9mtlpn45'
    'f002507dc259dc95dfaa5d7b653980bb' => 'd05e465ff6tagoidnskp5nm2n1'
    '_csrf' => '98e839efb8bc392f79ecfe408ca53eaf7cda260465f6ea347c6d36634f5ce28ea:2:{i:0;s:5:\"_csrf\";i:1;s:32:\"uj4CsoyEXVuDf759UbGqJL4wDu6tCV-p\";}'
    'PHPSESSID' => 'p4g95rb7iikshsnnv2hadvehr5'
]

$_SESSION = [
    '__flash' => []
    '__captcha/site/captcha' => 'sigxdh'
    '__captcha/site/captchacount' => 1
]

$_SERVER = [
    'REDIRECT_MIBDIRS' => 'D:/xampp_5.5.27_yii2/php/extras/mibs'
    'REDIRECT_MYSQL_HOME' => '\\xampp\\mysql\\bin'
    'REDIRECT_OPENSSL_CONF' => 'D:/xampp_5.5.27_yii2/apache/bin/openssl.cnf'
    'REDIRECT_PHP_PEAR_SYSCONF_DIR' => '\\xampp\\php'
    'REDIRECT_PHPRC' => '\\xampp\\php'
    'REDIRECT_TMP' => '\\xampp\\tmp'
    'REDIRECT_STATUS' => '200'
    'MIBDIRS' => 'D:/xampp_5.5.27_yii2/php/extras/mibs'
    'MYSQL_HOME' => '\\xampp\\mysql\\bin'
    'OPENSSL_CONF' => 'D:/xampp_5.5.27_yii2/apache/bin/openssl.cnf'
    'PHP_PEAR_SYSCONF_DIR' => '\\xampp\\php'
    'PHPRC' => '\\xampp\\php'
    'TMP' => '\\xampp\\tmp'
    'HTTP_HOST' => 'localhost'
    'HTTP_CONNECTION' => 'keep-alive'
    'HTTP_CACHE_CONTROL' => 'max-age=0'
    'HTTP_ACCEPT' => 'text/css,*/*;q=0.1'
    'HTTP_USER_AGENT' => 'Mozilla/5.0 (Windows NT 6.3; WOW64) AppleWebKit/537.36 (KHTML, like Gecko) Chrome/48.0.2564.116 Safari/537.36'
    'HTTP_REFERER' => 'http://localhost/advanced/site/index'
    'HTTP_ACCEPT_ENCODING' => 'gzip, deflate, sdch'
    'HTTP_ACCEPT_LANGUAGE' => 'th'
    'HTTP_COOKIE' => '_ga=GA1.1.425292678.1439282563; FRONTENDSESSID=qlbvrbbcq1q0648i4c9mtlpn45; f002507dc259dc95dfaa5d7b653980bb=d05e465ff6tagoidnskp5nm2n1; _csrf=98e839efb8bc392f79ecfe408ca53eaf7cda260465f6ea347c6d36634f5ce28ea%3A2%3A%7Bi%3A0%3Bs%3A5%3A%22_csrf%22%3Bi%3A1%3Bs%3A32%3A%22uj4CsoyEXVuDf759UbGqJL4wDu6tCV-p%22%3B%7D; PHPSESSID=p4g95rb7iikshsnnv2hadvehr5'
    'PATH' => 'C:\\ProgramData\\Oracle\\Java\\javapath;C:\\Windows\\system32;C:\\Windows;C:\\Windows\\System32\\Wbem;C:\\Windows\\System32\\WindowsPowerShell\\v1.0\\;C:\\Program Files (x86)\\ATI Technologies\\ATI.ACE\\Core-Static;D:\\xampp_5.5.27\\php;C:\\ProgramData\\ComposerSetup\\bin'
    'SystemRoot' => 'C:\\Windows'
    'COMSPEC' => 'C:\\Windows\\system32\\cmd.exe'
    'PATHEXT' => '.COM;.EXE;.BAT;.CMD;.VBS;.VBE;.JS;.JSE;.WSF;.WSH;.MSC'
    'WINDIR' => 'C:\\Windows'
    'SERVER_SIGNATURE' => '<address>Apache/2.4.12 (Win32) OpenSSL/1.0.1m PHP/5.5.27 Server at localhost Port 80</address>
'
    'SERVER_SOFTWARE' => 'Apache/2.4.12 (Win32) OpenSSL/1.0.1m PHP/5.5.27'
    'SERVER_NAME' => 'localhost'
    'SERVER_ADDR' => '::1'
    'SERVER_PORT' => '80'
    'REMOTE_ADDR' => '::1'
    'DOCUMENT_ROOT' => 'D:/xampp_5.5.27_yii2/htdocs'
    'REQUEST_SCHEME' => 'http'
    'CONTEXT_PREFIX' => ''
    'CONTEXT_DOCUMENT_ROOT' => 'D:/xampp_5.5.27_yii2/htdocs'
    'SERVER_ADMIN' => 'postmaster@localhost'
    'SCRIPT_FILENAME' => 'D:/xampp_5.5.27_yii2/htdocs/advanced/index.php'
    'REMOTE_PORT' => '64245'
    'REDIRECT_URL' => '/advanced/themes/adminlte/css/site.css'
    'GATEWAY_INTERFACE' => 'CGI/1.1'
    'SERVER_PROTOCOL' => 'HTTP/1.1'
    'REQUEST_METHOD' => 'GET'
    'QUERY_STRING' => ''
    'REQUEST_URI' => '/advanced/themes/adminlte/css/site.css'
    'SCRIPT_NAME' => '/advanced/index.php'
    'PHP_SELF' => '/advanced/index.php'
    'REQUEST_TIME_FLOAT' => 1456299371.913
    'REQUEST_TIME' => 1456299371
]
2016-02-24 14:44:04 [::1][-][-][error][yii\base\InvalidConfigException] exception 'yii\base\InvalidConfigException' with message 'The directory does not exist: D:/xampp_5.5.27_yii2/htdocs/advanced/assets' in D:\xampp_5.5.27_yii2\htdocs\advanced\_protected\vendor\yiisoft\yii2\web\AssetManager.php:211
Stack trace:
#0 D:\xampp_5.5.27_yii2\htdocs\advanced\_protected\vendor\yiisoft\yii2\base\Object.php(107): yii\web\AssetManager->init()
#1 [internal function]: yii\base\Object->__construct(Array)
#2 D:\xampp_5.5.27_yii2\htdocs\advanced\_protected\vendor\yiisoft\yii2\di\Container.php(374): ReflectionClass->newInstanceArgs(Array)
#3 D:\xampp_5.5.27_yii2\htdocs\advanced\_protected\vendor\yiisoft\yii2\di\Container.php(153): yii\di\Container->build('yii\\web\\AssetMa...', Array, Array)
#4 D:\xampp_5.5.27_yii2\htdocs\advanced\_protected\vendor\yiisoft\yii2\BaseYii.php(344): yii\di\Container->get('yii\\web\\AssetMa...', Array, Array)
#5 D:\xampp_5.5.27_yii2\htdocs\advanced\_protected\vendor\yiisoft\yii2\di\ServiceLocator.php(133): yii\BaseYii::createObject(Array)
#6 D:\xampp_5.5.27_yii2\htdocs\advanced\_protected\vendor\yiisoft\yii2\base\Application.php(600): yii\di\ServiceLocator->get('assetManager')
#7 D:\xampp_5.5.27_yii2\htdocs\advanced\_protected\vendor\yiisoft\yii2\web\View.php(223): yii\base\Application->getAssetManager()
#8 D:\xampp_5.5.27_yii2\htdocs\advanced\_protected\vendor\yiisoft\yii2\web\View.php(283): yii\web\View->getAssetManager()
#9 D:\xampp_5.5.27_yii2\htdocs\advanced\_protected\vendor\yiisoft\yii2\web\AssetBundle.php(123): yii\web\View->registerAssetBundle('backend\\assets\\...')
#10 D:\xampp_5.5.27_yii2\htdocs\advanced\themes\adminlte\layouts\main.php(20): yii\web\AssetBundle::register(Object(yii\web\View))
#11 D:\xampp_5.5.27_yii2\htdocs\advanced\_protected\vendor\yiisoft\yii2\base\View.php(325): require('D:\\xampp_5.5.27...')
#12 D:\xampp_5.5.27_yii2\htdocs\advanced\_protected\vendor\yiisoft\yii2\base\View.php(247): yii\base\View->renderPhpFile('D:\\xampp_5.5.27...', Array)
#13 D:\xampp_5.5.27_yii2\htdocs\advanced\_protected\vendor\yiisoft\yii2\base\Controller.php(392): yii\base\View->renderFile('D:\\xampp_5.5.27...', Array, Object(frontend\controllers\SiteController))
#14 D:\xampp_5.5.27_yii2\htdocs\advanced\_protected\vendor\yiisoft\yii2\base\Controller.php(378): yii\base\Controller->renderContent('<div class="sit...')
#15 D:\xampp_5.5.27_yii2\htdocs\advanced\_protected\frontend\controllers\SiteController.php(89): yii\base\Controller->render('index')
#16 [internal function]: frontend\controllers\SiteController->actionIndex()
#17 D:\xampp_5.5.27_yii2\htdocs\advanced\_protected\vendor\yiisoft\yii2\base\InlineAction.php(55): call_user_func_array(Array, Array)
#18 D:\xampp_5.5.27_yii2\htdocs\advanced\_protected\vendor\yiisoft\yii2\base\Controller.php(154): yii\base\InlineAction->runWithParams(Array)
#19 D:\xampp_5.5.27_yii2\htdocs\advanced\_protected\vendor\yiisoft\yii2\base\Module.php(454): yii\base\Controller->runAction('index', Array)
#20 D:\xampp_5.5.27_yii2\htdocs\advanced\_protected\vendor\yiisoft\yii2\web\Application.php(84): yii\base\Module->runAction('site/index', Array)
#21 D:\xampp_5.5.27_yii2\htdocs\advanced\_protected\vendor\yiisoft\yii2\base\Application.php(375): yii\web\Application->handleRequest(Object(yii\web\Request))
#22 D:\xampp_5.5.27_yii2\htdocs\advanced\index.php(18): yii\base\Application->run()
#23 {main}
2016-02-24 14:44:04 [::1][-][-][info][application] $_COOKIE = [
    '_ga' => 'GA1.1.425292678.1439282563'
    'FRONTENDSESSID' => 'qlbvrbbcq1q0648i4c9mtlpn45'
    'f002507dc259dc95dfaa5d7b653980bb' => 'd05e465ff6tagoidnskp5nm2n1'
    '_csrf' => '98e839efb8bc392f79ecfe408ca53eaf7cda260465f6ea347c6d36634f5ce28ea:2:{i:0;s:5:\"_csrf\";i:1;s:32:\"uj4CsoyEXVuDf759UbGqJL4wDu6tCV-p\";}'
    'PHPSESSID' => 'p4g95rb7iikshsnnv2hadvehr5'
]

$_SERVER = [
    'REDIRECT_MIBDIRS' => 'D:/xampp_5.5.27_yii2/php/extras/mibs'
    'REDIRECT_MYSQL_HOME' => '\\xampp\\mysql\\bin'
    'REDIRECT_OPENSSL_CONF' => 'D:/xampp_5.5.27_yii2/apache/bin/openssl.cnf'
    'REDIRECT_PHP_PEAR_SYSCONF_DIR' => '\\xampp\\php'
    'REDIRECT_PHPRC' => '\\xampp\\php'
    'REDIRECT_TMP' => '\\xampp\\tmp'
    'REDIRECT_STATUS' => '200'
    'MIBDIRS' => 'D:/xampp_5.5.27_yii2/php/extras/mibs'
    'MYSQL_HOME' => '\\xampp\\mysql\\bin'
    'OPENSSL_CONF' => 'D:/xampp_5.5.27_yii2/apache/bin/openssl.cnf'
    'PHP_PEAR_SYSCONF_DIR' => '\\xampp\\php'
    'PHPRC' => '\\xampp\\php'
    'TMP' => '\\xampp\\tmp'
    'HTTP_HOST' => 'localhost'
    'HTTP_CONNECTION' => 'keep-alive'
    'HTTP_CACHE_CONTROL' => 'max-age=0'
    'HTTP_ACCEPT' => 'text/html,application/xhtml+xml,application/xml;q=0.9,image/webp,*/*;q=0.8'
    'HTTP_UPGRADE_INSECURE_REQUESTS' => '1'
    'HTTP_USER_AGENT' => 'Mozilla/5.0 (Windows NT 6.3; WOW64) AppleWebKit/537.36 (KHTML, like Gecko) Chrome/48.0.2564.116 Safari/537.36'
    'HTTP_REFERER' => 'http://localhost/advanced/site/contact'
    'HTTP_ACCEPT_ENCODING' => 'gzip, deflate, sdch'
    'HTTP_ACCEPT_LANGUAGE' => 'th'
    'HTTP_COOKIE' => '_ga=GA1.1.425292678.1439282563; FRONTENDSESSID=qlbvrbbcq1q0648i4c9mtlpn45; f002507dc259dc95dfaa5d7b653980bb=d05e465ff6tagoidnskp5nm2n1; _csrf=98e839efb8bc392f79ecfe408ca53eaf7cda260465f6ea347c6d36634f5ce28ea%3A2%3A%7Bi%3A0%3Bs%3A5%3A%22_csrf%22%3Bi%3A1%3Bs%3A32%3A%22uj4CsoyEXVuDf759UbGqJL4wDu6tCV-p%22%3B%7D; PHPSESSID=p4g95rb7iikshsnnv2hadvehr5'
    'PATH' => 'C:\\ProgramData\\Oracle\\Java\\javapath;C:\\Windows\\system32;C:\\Windows;C:\\Windows\\System32\\Wbem;C:\\Windows\\System32\\WindowsPowerShell\\v1.0\\;C:\\Program Files (x86)\\ATI Technologies\\ATI.ACE\\Core-Static;D:\\xampp_5.5.27\\php;C:\\ProgramData\\ComposerSetup\\bin'
    'SystemRoot' => 'C:\\Windows'
    'COMSPEC' => 'C:\\Windows\\system32\\cmd.exe'
    'PATHEXT' => '.COM;.EXE;.BAT;.CMD;.VBS;.VBE;.JS;.JSE;.WSF;.WSH;.MSC'
    'WINDIR' => 'C:\\Windows'
    'SERVER_SIGNATURE' => '<address>Apache/2.4.12 (Win32) OpenSSL/1.0.1m PHP/5.5.27 Server at localhost Port 80</address>
'
    'SERVER_SOFTWARE' => 'Apache/2.4.12 (Win32) OpenSSL/1.0.1m PHP/5.5.27'
    'SERVER_NAME' => 'localhost'
    'SERVER_ADDR' => '::1'
    'SERVER_PORT' => '80'
    'REMOTE_ADDR' => '::1'
    'DOCUMENT_ROOT' => 'D:/xampp_5.5.27_yii2/htdocs'
    'REQUEST_SCHEME' => 'http'
    'CONTEXT_PREFIX' => ''
    'CONTEXT_DOCUMENT_ROOT' => 'D:/xampp_5.5.27_yii2/htdocs'
    'SERVER_ADMIN' => 'postmaster@localhost'
    'SCRIPT_FILENAME' => 'D:/xampp_5.5.27_yii2/htdocs/advanced/index.php'
    'REMOTE_PORT' => '64789'
    'REDIRECT_URL' => '/advanced/site/index'
    'GATEWAY_INTERFACE' => 'CGI/1.1'
    'SERVER_PROTOCOL' => 'HTTP/1.1'
    'REQUEST_METHOD' => 'GET'
    'QUERY_STRING' => ''
    'REQUEST_URI' => '/advanced/site/index'
    'SCRIPT_NAME' => '/advanced/index.php'
    'PHP_SELF' => '/advanced/index.php'
    'REQUEST_TIME_FLOAT' => 1456299844.004
    'REQUEST_TIME' => 1456299844
]
2016-02-24 14:44:04 [::1][-][-][warning][yii\log\Dispatcher::dispatch] Unable to send log via yii\debug\LogTarget: Exception (Invalid Configuration) 'yii\base\InvalidConfigException' with message 'The directory does not exist: D:/xampp_5.5.27_yii2/htdocs/advanced/assets' 

in D:\xampp_5.5.27_yii2\htdocs\advanced\_protected\vendor\yiisoft\yii2\web\AssetManager.php:211

Stack trace:
#0 D:\xampp_5.5.27_yii2\htdocs\advanced\_protected\vendor\yiisoft\yii2\base\Object.php(107): yii\web\AssetManager->init()
#1 [internal function]: yii\base\Object->__construct(Array)
#2 D:\xampp_5.5.27_yii2\htdocs\advanced\_protected\vendor\yiisoft\yii2\di\Container.php(374): ReflectionClass->newInstanceArgs(Array)
#3 D:\xampp_5.5.27_yii2\htdocs\advanced\_protected\vendor\yiisoft\yii2\di\Container.php(153): yii\di\Container->build('yii\\web\\AssetMa...', Array, Array)
#4 D:\xampp_5.5.27_yii2\htdocs\advanced\_protected\vendor\yiisoft\yii2\BaseYii.php(344): yii\di\Container->get('yii\\web\\AssetMa...', Array, Array)
#5 D:\xampp_5.5.27_yii2\htdocs\advanced\_protected\vendor\yiisoft\yii2\di\ServiceLocator.php(133): yii\BaseYii::createObject(Array)
#6 D:\xampp_5.5.27_yii2\htdocs\advanced\_protected\vendor\yiisoft\yii2\base\Application.php(600): yii\di\ServiceLocator->get('assetManager')
#7 D:\xampp_5.5.27_yii2\htdocs\advanced\_protected\vendor\yiisoft\yii2\web\View.php(223): yii\base\Application->getAssetManager()
#8 D:\xampp_5.5.27_yii2\htdocs\advanced\_protected\vendor\yiisoft\yii2\base\Component.php(130): yii\web\View->getAssetManager()
#9 D:\xampp_5.5.27_yii2\htdocs\advanced\_protected\vendor\yiisoft\yii2-debug\panels\AssetPanel.php(53): yii\base\Component->__get('assetManager')
#10 D:\xampp_5.5.27_yii2\htdocs\advanced\_protected\vendor\yiisoft\yii2-debug\LogTarget.php(55): yii\debug\panels\AssetPanel->save()
#11 D:\xampp_5.5.27_yii2\htdocs\advanced\_protected\vendor\yiisoft\yii2-debug\LogTarget.php(112): yii\debug\LogTarget->export()
#12 D:\xampp_5.5.27_yii2\htdocs\advanced\_protected\vendor\yiisoft\yii2\log\Dispatcher.php(183): yii\debug\LogTarget->collect(Array, true)
#13 D:\xampp_5.5.27_yii2\htdocs\advanced\_protected\vendor\yiisoft\yii2\log\Logger.php(173): yii\log\Dispatcher->dispatch(Array, true)
#14 [internal function]: yii\log\Logger->flush(true)
#15 {main}
2016-02-24 14:44:04 [::1][-][-][info][application] $_COOKIE = [
    '_ga' => 'GA1.1.425292678.1439282563'
    'FRONTENDSESSID' => 'qlbvrbbcq1q0648i4c9mtlpn45'
    'f002507dc259dc95dfaa5d7b653980bb' => 'd05e465ff6tagoidnskp5nm2n1'
    '_csrf' => '98e839efb8bc392f79ecfe408ca53eaf7cda260465f6ea347c6d36634f5ce28ea:2:{i:0;s:5:\"_csrf\";i:1;s:32:\"uj4CsoyEXVuDf759UbGqJL4wDu6tCV-p\";}'
    'PHPSESSID' => 'p4g95rb7iikshsnnv2hadvehr5'
]

$_SERVER = [
    'REDIRECT_MIBDIRS' => 'D:/xampp_5.5.27_yii2/php/extras/mibs'
    'REDIRECT_MYSQL_HOME' => '\\xampp\\mysql\\bin'
    'REDIRECT_OPENSSL_CONF' => 'D:/xampp_5.5.27_yii2/apache/bin/openssl.cnf'
    'REDIRECT_PHP_PEAR_SYSCONF_DIR' => '\\xampp\\php'
    'REDIRECT_PHPRC' => '\\xampp\\php'
    'REDIRECT_TMP' => '\\xampp\\tmp'
    'REDIRECT_STATUS' => '200'
    'MIBDIRS' => 'D:/xampp_5.5.27_yii2/php/extras/mibs'
    'MYSQL_HOME' => '\\xampp\\mysql\\bin'
    'OPENSSL_CONF' => 'D:/xampp_5.5.27_yii2/apache/bin/openssl.cnf'
    'PHP_PEAR_SYSCONF_DIR' => '\\xampp\\php'
    'PHPRC' => '\\xampp\\php'
    'TMP' => '\\xampp\\tmp'
    'HTTP_HOST' => 'localhost'
    'HTTP_CONNECTION' => 'keep-alive'
    'HTTP_CACHE_CONTROL' => 'max-age=0'
    'HTTP_ACCEPT' => 'text/html,application/xhtml+xml,application/xml;q=0.9,image/webp,*/*;q=0.8'
    'HTTP_UPGRADE_INSECURE_REQUESTS' => '1'
    'HTTP_USER_AGENT' => 'Mozilla/5.0 (Windows NT 6.3; WOW64) AppleWebKit/537.36 (KHTML, like Gecko) Chrome/48.0.2564.116 Safari/537.36'
    'HTTP_REFERER' => 'http://localhost/advanced/site/contact'
    'HTTP_ACCEPT_ENCODING' => 'gzip, deflate, sdch'
    'HTTP_ACCEPT_LANGUAGE' => 'th'
    'HTTP_COOKIE' => '_ga=GA1.1.425292678.1439282563; FRONTENDSESSID=qlbvrbbcq1q0648i4c9mtlpn45; f002507dc259dc95dfaa5d7b653980bb=d05e465ff6tagoidnskp5nm2n1; _csrf=98e839efb8bc392f79ecfe408ca53eaf7cda260465f6ea347c6d36634f5ce28ea%3A2%3A%7Bi%3A0%3Bs%3A5%3A%22_csrf%22%3Bi%3A1%3Bs%3A32%3A%22uj4CsoyEXVuDf759UbGqJL4wDu6tCV-p%22%3B%7D; PHPSESSID=p4g95rb7iikshsnnv2hadvehr5'
    'PATH' => 'C:\\ProgramData\\Oracle\\Java\\javapath;C:\\Windows\\system32;C:\\Windows;C:\\Windows\\System32\\Wbem;C:\\Windows\\System32\\WindowsPowerShell\\v1.0\\;C:\\Program Files (x86)\\ATI Technologies\\ATI.ACE\\Core-Static;D:\\xampp_5.5.27\\php;C:\\ProgramData\\ComposerSetup\\bin'
    'SystemRoot' => 'C:\\Windows'
    'COMSPEC' => 'C:\\Windows\\system32\\cmd.exe'
    'PATHEXT' => '.COM;.EXE;.BAT;.CMD;.VBS;.VBE;.JS;.JSE;.WSF;.WSH;.MSC'
    'WINDIR' => 'C:\\Windows'
    'SERVER_SIGNATURE' => '<address>Apache/2.4.12 (Win32) OpenSSL/1.0.1m PHP/5.5.27 Server at localhost Port 80</address>
'
    'SERVER_SOFTWARE' => 'Apache/2.4.12 (Win32) OpenSSL/1.0.1m PHP/5.5.27'
    'SERVER_NAME' => 'localhost'
    'SERVER_ADDR' => '::1'
    'SERVER_PORT' => '80'
    'REMOTE_ADDR' => '::1'
    'DOCUMENT_ROOT' => 'D:/xampp_5.5.27_yii2/htdocs'
    'REQUEST_SCHEME' => 'http'
    'CONTEXT_PREFIX' => ''
    'CONTEXT_DOCUMENT_ROOT' => 'D:/xampp_5.5.27_yii2/htdocs'
    'SERVER_ADMIN' => 'postmaster@localhost'
    'SCRIPT_FILENAME' => 'D:/xampp_5.5.27_yii2/htdocs/advanced/index.php'
    'REMOTE_PORT' => '64789'
    'REDIRECT_URL' => '/advanced/site/index'
    'GATEWAY_INTERFACE' => 'CGI/1.1'
    'SERVER_PROTOCOL' => 'HTTP/1.1'
    'REQUEST_METHOD' => 'GET'
    'QUERY_STRING' => ''
    'REQUEST_URI' => '/advanced/site/index'
    'SCRIPT_NAME' => '/advanced/index.php'
    'PHP_SELF' => '/advanced/index.php'
    'REQUEST_TIME_FLOAT' => 1456299844.004
    'REQUEST_TIME' => 1456299844
]
2016-02-24 14:44:44 [::1][-][p4g95rb7iikshsnnv2hadvehr5][error][yii\web\HttpException:404] exception 'yii\base\InvalidRouteException' with message 'Unable to resolve the request "themes/adminlte/css/site.css".' in D:\xampp_5.5.27_yii2\htdocs\advanced\_protected\vendor\yiisoft\yii2\base\Module.php:460
Stack trace:
#0 D:\xampp_5.5.27_yii2\htdocs\advanced\_protected\vendor\yiisoft\yii2\web\Application.php(84): yii\base\Module->runAction('themes/adminlte...', Array)
#1 D:\xampp_5.5.27_yii2\htdocs\advanced\_protected\vendor\yiisoft\yii2\base\Application.php(375): yii\web\Application->handleRequest(Object(yii\web\Request))
#2 D:\xampp_5.5.27_yii2\htdocs\advanced\index.php(18): yii\base\Application->run()
#3 {main}

Next exception 'yii\web\NotFoundHttpException' with message 'Page not found.' in D:\xampp_5.5.27_yii2\htdocs\advanced\_protected\vendor\yiisoft\yii2\web\Application.php:96
Stack trace:
#0 D:\xampp_5.5.27_yii2\htdocs\advanced\_protected\vendor\yiisoft\yii2\base\Application.php(375): yii\web\Application->handleRequest(Object(yii\web\Request))
#1 D:\xampp_5.5.27_yii2\htdocs\advanced\index.php(18): yii\base\Application->run()
#2 {main}
2016-02-24 14:44:44 [::1][-][p4g95rb7iikshsnnv2hadvehr5][info][application] $_COOKIE = [
    '_ga' => 'GA1.1.425292678.1439282563'
    'FRONTENDSESSID' => 'qlbvrbbcq1q0648i4c9mtlpn45'
    'f002507dc259dc95dfaa5d7b653980bb' => 'd05e465ff6tagoidnskp5nm2n1'
    '_csrf' => '98e839efb8bc392f79ecfe408ca53eaf7cda260465f6ea347c6d36634f5ce28ea:2:{i:0;s:5:\"_csrf\";i:1;s:32:\"uj4CsoyEXVuDf759UbGqJL4wDu6tCV-p\";}'
    'PHPSESSID' => 'p4g95rb7iikshsnnv2hadvehr5'
]

$_SESSION = [
    '__flash' => []
    '__captcha/site/captcha' => 'sigxdh'
    '__captcha/site/captchacount' => 1
]

$_SERVER = [
    'REDIRECT_MIBDIRS' => 'D:/xampp_5.5.27_yii2/php/extras/mibs'
    'REDIRECT_MYSQL_HOME' => '\\xampp\\mysql\\bin'
    'REDIRECT_OPENSSL_CONF' => 'D:/xampp_5.5.27_yii2/apache/bin/openssl.cnf'
    'REDIRECT_PHP_PEAR_SYSCONF_DIR' => '\\xampp\\php'
    'REDIRECT_PHPRC' => '\\xampp\\php'
    'REDIRECT_TMP' => '\\xampp\\tmp'
    'REDIRECT_STATUS' => '200'
    'MIBDIRS' => 'D:/xampp_5.5.27_yii2/php/extras/mibs'
    'MYSQL_HOME' => '\\xampp\\mysql\\bin'
    'OPENSSL_CONF' => 'D:/xampp_5.5.27_yii2/apache/bin/openssl.cnf'
    'PHP_PEAR_SYSCONF_DIR' => '\\xampp\\php'
    'PHPRC' => '\\xampp\\php'
    'TMP' => '\\xampp\\tmp'
    'HTTP_HOST' => 'localhost'
    'HTTP_CONNECTION' => 'keep-alive'
    'HTTP_CACHE_CONTROL' => 'max-age=0'
    'HTTP_ACCEPT' => 'text/css,*/*;q=0.1'
    'HTTP_USER_AGENT' => 'Mozilla/5.0 (Windows NT 6.3; WOW64) AppleWebKit/537.36 (KHTML, like Gecko) Chrome/48.0.2564.116 Safari/537.36'
    'HTTP_REFERER' => 'http://localhost/advanced/site/index'
    'HTTP_ACCEPT_ENCODING' => 'gzip, deflate, sdch'
    'HTTP_ACCEPT_LANGUAGE' => 'th'
    'HTTP_COOKIE' => '_ga=GA1.1.425292678.1439282563; FRONTENDSESSID=qlbvrbbcq1q0648i4c9mtlpn45; f002507dc259dc95dfaa5d7b653980bb=d05e465ff6tagoidnskp5nm2n1; _csrf=98e839efb8bc392f79ecfe408ca53eaf7cda260465f6ea347c6d36634f5ce28ea%3A2%3A%7Bi%3A0%3Bs%3A5%3A%22_csrf%22%3Bi%3A1%3Bs%3A32%3A%22uj4CsoyEXVuDf759UbGqJL4wDu6tCV-p%22%3B%7D; PHPSESSID=p4g95rb7iikshsnnv2hadvehr5'
    'PATH' => 'C:\\ProgramData\\Oracle\\Java\\javapath;C:\\Windows\\system32;C:\\Windows;C:\\Windows\\System32\\Wbem;C:\\Windows\\System32\\WindowsPowerShell\\v1.0\\;C:\\Program Files (x86)\\ATI Technologies\\ATI.ACE\\Core-Static;D:\\xampp_5.5.27\\php;C:\\ProgramData\\ComposerSetup\\bin'
    'SystemRoot' => 'C:\\Windows'
    'COMSPEC' => 'C:\\Windows\\system32\\cmd.exe'
    'PATHEXT' => '.COM;.EXE;.BAT;.CMD;.VBS;.VBE;.JS;.JSE;.WSF;.WSH;.MSC'
    'WINDIR' => 'C:\\Windows'
    'SERVER_SIGNATURE' => '<address>Apache/2.4.12 (Win32) OpenSSL/1.0.1m PHP/5.5.27 Server at localhost Port 80</address>
'
    'SERVER_SOFTWARE' => 'Apache/2.4.12 (Win32) OpenSSL/1.0.1m PHP/5.5.27'
    'SERVER_NAME' => 'localhost'
    'SERVER_ADDR' => '::1'
    'SERVER_PORT' => '80'
    'REMOTE_ADDR' => '::1'
    'DOCUMENT_ROOT' => 'D:/xampp_5.5.27_yii2/htdocs'
    'REQUEST_SCHEME' => 'http'
    'CONTEXT_PREFIX' => ''
    'CONTEXT_DOCUMENT_ROOT' => 'D:/xampp_5.5.27_yii2/htdocs'
    'SERVER_ADMIN' => 'postmaster@localhost'
    'SCRIPT_FILENAME' => 'D:/xampp_5.5.27_yii2/htdocs/advanced/index.php'
    'REMOTE_PORT' => '64824'
    'REDIRECT_URL' => '/advanced/themes/adminlte/css/site.css'
    'GATEWAY_INTERFACE' => 'CGI/1.1'
    'SERVER_PROTOCOL' => 'HTTP/1.1'
    'REQUEST_METHOD' => 'GET'
    'QUERY_STRING' => ''
    'REQUEST_URI' => '/advanced/themes/adminlte/css/site.css'
    'SCRIPT_NAME' => '/advanced/index.php'
    'PHP_SELF' => '/advanced/index.php'
    'REQUEST_TIME_FLOAT' => 1456299884.483
    'REQUEST_TIME' => 1456299884
]
